<?xml version="1.0" encoding="UTF-8"?>
<!-- Generated by org.testng.reporters.JUnitReportReporter -->
<testsuite hostname="G750" name="first.my.TestFirst" tests="1" failures="0" timestamp="9 Jul 2015 03:39:18 GMT" time="0.034" errors="0">
  <testcase name="TestFirst" time="0.034" classname="first.my.TestFirst"/>
</testsuite> <!-- first.my.TestFirst -->
