<?xml version="1.0" encoding="UTF-8"?>
<!-- Generated by org.testng.reporters.JUnitReportReporter -->
<testsuite hostname="G750" name="first.my.AppTest" tests="1" failures="0" timestamp="14 Jul 2015 03:25:53 GMT" time="0.002" errors="0">
  <testcase name="testApp" time="0.002" classname="first.my.AppTest"/>
</testsuite> <!-- first.my.AppTest -->
