<?xml version="1.0" encoding="UTF-8"?>
<!-- Generated by org.testng.reporters.JUnitReportReporter -->
<testsuite hostname="G750" name="first.my.SecondTest" tests="3" failures="0" timestamp="16 Jul 2015 03:21:13 GMT" time="0.000" errors="0">
  <testcase name="TestSecond" time="0.000" classname="first.my.SecondTest"/>
  <testcase name="TestFirst" time="0.000" classname="first.my.SecondTest"/>
  <testcase name="TestThird" time="0.000" classname="first.my.SecondTest"/>
</testsuite> <!-- first.my.SecondTest -->
