<?xml version="1.0" encoding="UTF-8"?>
<!-- Generated by org.testng.reporters.JUnitReportReporter -->
<testsuite hostname="G750" name="first.my.SampleClass" tests="6" failures="0" timestamp="16 Jul 2015 02:54:25 GMT" time="0.031" errors="0">
  <testcase name="TestA" time="0.031" classname="first.my.SampleClass"/>
  <testcase name="TestFirst" time="0.000" classname="first.my.SampleClass"/>
  <testcase name="TestB" time="0.000" classname="first.my.SampleClass"/>
  <testcase name="TestSecond" time="0.000" classname="first.my.SampleClass"/>
  <testcase name="TestThird" time="0.000" classname="first.my.SampleClass"/>
  <testcase name="TestC" time="0.000" classname="first.my.SampleClass"/>
</testsuite> <!-- first.my.SampleClass -->
